{"/Users/yurivarshavsky/Sites/MyTestTasks/user-management-dashboard/backend/src/SAMPLE_DATA.ts": {"path":"/Users/yurivarshavsky/Sites/MyTestTasks/user-management-dashboard/backend/src/SAMPLE_DATA.ts","statementMap":{"0":{"start":{"line":1,"column":0},"end":{"line":1,"column":32}},"1":{"start":{"line":3,"column":13},"end":{"line":1079,"column":2}},"2":{"start":{"line":1081,"column":16},"end":{"line":1081,"column":34}},"3":{"start":{"line":1082,"column":16},"end":{"line":1082,"column":34}},"4":{"start":{"line":1083,"column":16},"end":{"line":1083,"column":34}},"5":{"start":{"line":1084,"column":16},"end":{"line":1084,"column":34}},"6":{"start":{"line":1085,"column":16},"end":{"line":1085,"column":34}},"7":{"start":{"line":1087,"column":13},"end":{"line":1154,"column":2}}},"fnMap":{},"branchMap":{},"s":{"0":0,"1":0,"2":0,"3":0,"4":0,"5":0,"6":0,"7":0},"f":{},"b":{}}
,"/Users/yurivarshavsky/Sites/MyTestTasks/user-management-dashboard/backend/src/app.ts": {"path":"/Users/yurivarshavsky/Sites/MyTestTasks/user-management-dashboard/backend/src/app.ts","statementMap":{"0":{"start":{"line":1,"column":0},"end":{"line":1,"column":30}},"1":{"start":{"line":2,"column":0},"end":{"line":2,"column":24}},"2":{"start":{"line":3,"column":0},"end":{"line":3,"column":46}},"3":{"start":{"line":4,"column":0},"end":{"line":4,"column":58}},"4":{"start":{"line":6,"column":12},"end":{"line":6,"column":21}},"5":{"start":{"line":8,"column":0},"end":{"line":8,"column":16}},"6":{"start":{"line":9,"column":0},"end":{"line":9,"column":24}},"7":{"start":{"line":11,"column":0},"end":{"line":11,"column":34}},"8":{"start":{"line":12,"column":0},"end":{"line":12,"column":53}},"9":{"start":{"line":14,"column":0},"end":{"line":14,"column":19}}},"fnMap":{},"branchMap":{},"s":{"0":0,"1":0,"2":0,"3":0,"4":0,"5":0,"6":0,"7":0,"8":0,"9":0},"f":{},"b":{}}
,"/Users/yurivarshavsky/Sites/MyTestTasks/user-management-dashboard/backend/src/server.ts": {"path":"/Users/yurivarshavsky/Sites/MyTestTasks/user-management-dashboard/backend/src/server.ts","statementMap":{"0":{"start":{"line":1,"column":0},"end":{"line":1,"column":26}},"1":{"start":{"line":2,"column":0},"end":{"line":2,"column":24}},"2":{"start":{"line":3,"column":0},"end":{"line":3,"column":32}},"3":{"start":{"line":4,"column":0},"end":{"line":4,"column":28}},"4":{"start":{"line":6,"column":0},"end":{"line":6,"column":16}},"5":{"start":{"line":8,"column":13},"end":{"line":8,"column":37}},"6":{"start":{"line":9,"column":18},"end":{"line":9,"column":45}},"7":{"start":{"line":11,"column":0},"end":{"line":21,"column":5}},"8":{"start":{"line":14,"column":4},"end":{"line":14,"column":42}},"9":{"start":{"line":15,"column":4},"end":{"line":17,"column":7}},"10":{"start":{"line":16,"column":6},"end":{"line":16,"column":70}},"11":{"start":{"line":20,"column":4},"end":{"line":20,"column":54}}},"fnMap":{"0":{"name":"(anonymous_1)","decl":{"start":{"line":13,"column":8},"end":{"line":13,"column":11}},"loc":{"start":{"line":13,"column":13},"end":{"line":18,"column":3}}},"1":{"name":"(anonymous_2)","decl":{"start":{"line":15,"column":21},"end":{"line":15,"column":24}},"loc":{"start":{"line":15,"column":26},"end":{"line":17,"column":5}}},"2":{"name":"(anonymous_3)","decl":{"start":{"line":19,"column":9},"end":{"line":19,"column":10}},"loc":{"start":{"line":19,"column":17},"end":{"line":21,"column":3}}}},"branchMap":{"0":{"loc":{"start":{"line":8,"column":13},"end":{"line":8,"column":37}},"type":"binary-expr","locations":[{"start":{"line":8,"column":13},"end":{"line":8,"column":29}},{"start":{"line":8,"column":33},"end":{"line":8,"column":37}}]},"1":{"loc":{"start":{"line":9,"column":18},"end":{"line":9,"column":45}},"type":"binary-expr","locations":[{"start":{"line":9,"column":18},"end":{"line":9,"column":39}},{"start":{"line":9,"column":43},"end":{"line":9,"column":45}}]}},"s":{"0":0,"1":0,"2":0,"3":0,"4":0,"5":0,"6":0,"7":0,"8":0,"9":0,"10":0,"11":0},"f":{"0":0,"1":0,"2":0},"b":{"0":[0,0],"1":[0,0]}}
,"/Users/yurivarshavsky/Sites/MyTestTasks/user-management-dashboard/backend/src/controllers/user.controller.ts": {"path":"/Users/yurivarshavsky/Sites/MyTestTasks/user-management-dashboard/backend/src/controllers/user.controller.ts","statementMap":{"0":{"start":{"line":2,"column":0},"end":{"line":2,"column":55}},"1":{"start":{"line":3,"column":0},"end":{"line":3,"column":65}},"2":{"start":{"line":4,"column":0},"end":{"line":4,"column":71}},"3":{"start":{"line":5,"column":0},"end":{"line":5,"column":37}},"4":{"start":{"line":7,"column":16},"end":{"line":7,"column":53}},"5":{"start":{"line":9,"column":24},"end":{"line":23,"column":1}},"6":{"start":{"line":10,"column":2},"end":{"line":22,"column":3}},"7":{"start":{"line":12,"column":25},"end":{"line":12,"column":64}},"8":{"start":{"line":13,"column":19},"end":{"line":13,"column":57}},"9":{"start":{"line":14,"column":4},"end":{"line":14,"column":21}},"10":{"start":{"line":16,"column":4},"end":{"line":20,"column":7}},"11":{"start":{"line":21,"column":4},"end":{"line":21,"column":88}},"12":{"start":{"line":9,"column":13},"end":{"line":9,"column":24}},"13":{"start":{"line":25,"column":28},"end":{"line":53,"column":1}},"14":{"start":{"line":26,"column":2},"end":{"line":52,"column":3}},"15":{"start":{"line":27,"column":38},"end":{"line":27,"column":46}},"16":{"start":{"line":29,"column":4},"end":{"line":31,"column":5}},"17":{"start":{"line":30,"column":6},"end":{"line":30,"column":81}},"18":{"start":{"line":33,"column":4},"end":{"line":35,"column":5}},"19":{"start":{"line":34,"column":6},"end":{"line":34,"column":63}},"20":{"start":{"line":37,"column":19},"end":{"line":37,"column":78}},"21":{"start":{"line":38,"column":4},"end":{"line":42,"column":7}},"22":{"start":{"line":43,"column":4},"end":{"line":43,"column":54}},"23":{"start":{"line":45,"column":4},"end":{"line":50,"column":7}},"24":{"start":{"line":51,"column":4},"end":{"line":51,"column":14}},"25":{"start":{"line":25,"column":13},"end":{"line":25,"column":28}},"26":{"start":{"line":55,"column":28},"end":{"line":67,"column":1}},"27":{"start":{"line":56,"column":2},"end":{"line":66,"column":3}},"28":{"start":{"line":57,"column":18},"end":{"line":57,"column":46}},"29":{"start":{"line":58,"column":4},"end":{"line":58,"column":56}},"30":{"start":{"line":59,"column":4},"end":{"line":59,"column":20}},"31":{"start":{"line":61,"column":4},"end":{"line":64,"column":7}},"32":{"start":{"line":65,"column":4},"end":{"line":65,"column":98}},"33":{"start":{"line":55,"column":13},"end":{"line":55,"column":28}}},"fnMap":{"0":{"name":"(anonymous_1)","decl":{"start":{"line":9,"column":24},"end":{"line":9,"column":29}},"loc":{"start":{"line":9,"column":82},"end":{"line":23,"column":1}}},"1":{"name":"(anonymous_2)","decl":{"start":{"line":25,"column":28},"end":{"line":25,"column":33}},"loc":{"start":{"line":25,"column":86},"end":{"line":53,"column":1}}},"2":{"name":"(anonymous_3)","decl":{"start":{"line":55,"column":28},"end":{"line":55,"column":33}},"loc":{"start":{"line":55,"column":86},"end":{"line":67,"column":1}}}},"branchMap":{"0":{"loc":{"start":{"line":12,"column":25},"end":{"line":12,"column":64}},"type":"binary-expr","locations":[{"start":{"line":12,"column":25},"end":{"line":12,"column":51}},{"start":{"line":12,"column":55},"end":{"line":12,"column":64}}]},"1":{"loc":{"start":{"line":17,"column":13},"end":{"line":17,"column":65}},"type":"cond-expr","locations":[{"start":{"line":17,"column":36},"end":{"line":17,"column":47}},{"start":{"line":17,"column":50},"end":{"line":17,"column":65}}]},"2":{"loc":{"start":{"line":18,"column":13},"end":{"line":18,"column":57}},"type":"cond-expr","locations":[{"start":{"line":18,"column":36},"end":{"line":18,"column":45}},{"start":{"line":18,"column":48},"end":{"line":18,"column":57}}]},"3":{"loc":{"start":{"line":19,"column":14},"end":{"line":19,"column":53}},"type":"binary-expr","locations":[{"start":{"line":19,"column":14},"end":{"line":19,"column":40}},{"start":{"line":19,"column":44},"end":{"line":19,"column":53}}]},"4":{"loc":{"start":{"line":21,"column":9},"end":{"line":21,"column":86}},"type":"cond-expr","locations":[{"start":{"line":21,"column":32},"end":{"line":21,"column":35}},{"start":{"line":21,"column":38},"end":{"line":21,"column":86}}]},"5":{"loc":{"start":{"line":29,"column":4},"end":{"line":31,"column":5}},"type":"if","locations":[{"start":{"line":29,"column":4},"end":{"line":31,"column":5}}]},"6":{"loc":{"start":{"line":29,"column":8},"end":{"line":29,"column":61}},"type":"binary-expr","locations":[{"start":{"line":29,"column":8},"end":{"line":29,"column":14}},{"start":{"line":29,"column":18},"end":{"line":29,"column":39}},{"start":{"line":29,"column":43},"end":{"line":29,"column":61}}]},"7":{"loc":{"start":{"line":33,"column":4},"end":{"line":35,"column":5}},"type":"if","locations":[{"start":{"line":33,"column":4},"end":{"line":35,"column":5}}]},"8":{"loc":{"start":{"line":46,"column":13},"end":{"line":46,"column":65}},"type":"cond-expr","locations":[{"start":{"line":46,"column":36},"end":{"line":46,"column":47}},{"start":{"line":46,"column":50},"end":{"line":46,"column":65}}]},"9":{"loc":{"start":{"line":47,"column":13},"end":{"line":47,"column":57}},"type":"cond-expr","locations":[{"start":{"line":47,"column":36},"end":{"line":47,"column":45}},{"start":{"line":47,"column":48},"end":{"line":47,"column":57}}]},"10":{"loc":{"start":{"line":49,"column":17},"end":{"line":49,"column":74}},"type":"cond-expr","locations":[{"start":{"line":49,"column":49},"end":{"line":49,"column":70}},{"start":{"line":49,"column":73},"end":{"line":49,"column":74}}]},"11":{"loc":{"start":{"line":62,"column":13},"end":{"line":62,"column":65}},"type":"cond-expr","locations":[{"start":{"line":62,"column":36},"end":{"line":62,"column":47}},{"start":{"line":62,"column":50},"end":{"line":62,"column":65}}]},"12":{"loc":{"start":{"line":63,"column":13},"end":{"line":63,"column":57}},"type":"cond-expr","locations":[{"start":{"line":63,"column":36},"end":{"line":63,"column":45}},{"start":{"line":63,"column":48},"end":{"line":63,"column":57}}]},"13":{"loc":{"start":{"line":65,"column":9},"end":{"line":65,"column":96}},"type":"cond-expr","locations":[{"start":{"line":65,"column":32},"end":{"line":65,"column":35}},{"start":{"line":65,"column":38},"end":{"line":65,"column":96}}]}},"s":{"0":1,"1":1,"2":1,"3":1,"4":1,"5":1,"6":2,"7":2,"8":2,"9":1,"10":1,"11":1,"12":1,"13":1,"14":3,"15":3,"16":3,"17":1,"18":2,"19":1,"20":1,"21":1,"22":1,"23":2,"24":2,"25":1,"26":1,"27":2,"28":2,"29":1,"30":1,"31":1,"32":1,"33":1},"f":{"0":2,"1":3,"2":2},"b":{"0":[2,2],"1":[1,0],"2":[1,0],"3":[1,1],"4":[1,0],"5":[1],"6":[3,2,2],"7":[1],"8":[2,0],"9":[2,0],"10":[1,1],"11":[1,0],"12":[1,0],"13":[1,0]}}
,"/Users/yurivarshavsky/Sites/MyTestTasks/user-management-dashboard/backend/src/dtos/user.dto.ts": {"path":"/Users/yurivarshavsky/Sites/MyTestTasks/user-management-dashboard/backend/src/dtos/user.dto.ts","statementMap":{"0":{"start":{"line":1,"column":0},"end":{"line":1,"column":null}},"1":{"start":{"line":14,"column":0},"end":{"line":14,"column":41}},"2":{"start":{"line":16,"column":0},"end":{"line":16,"column":13}},"3":{"start":{"line":19,"column":2},"end":{"line":19,"column":null}},"4":{"start":{"line":23,"column":2},"end":{"line":23,"column":null}},"5":{"start":{"line":27,"column":2},"end":{"line":27,"column":null}},"6":{"start":{"line":31,"column":2},"end":{"line":31,"column":null}},"7":{"start":{"line":35,"column":2},"end":{"line":35,"column":null}},"8":{"start":{"line":39,"column":2},"end":{"line":39,"column":null}},"9":{"start":{"line":43,"column":2},"end":{"line":43,"column":null}},"10":{"start":{"line":47,"column":2},"end":{"line":47,"column":null}},"11":{"start":{"line":52,"column":2},"end":{"line":52,"column":null}},"12":{"start":{"line":51,"column":14},"end":{"line":51,"column":20}},"13":{"start":{"line":57,"column":2},"end":{"line":57,"column":null}},"14":{"start":{"line":56,"column":14},"end":{"line":56,"column":20}},"15":{"start":{"line":61,"column":2},"end":{"line":61,"column":null}},"16":{"start":{"line":65,"column":2},"end":{"line":65,"column":null}},"17":{"start":{"line":69,"column":2},"end":{"line":69,"column":null}},"18":{"start":{"line":73,"column":2},"end":{"line":73,"column":null}},"19":{"start":{"line":77,"column":2},"end":{"line":77,"column":null}},"20":{"start":{"line":81,"column":2},"end":{"line":81,"column":null}},"21":{"start":{"line":85,"column":2},"end":{"line":85,"column":null}},"22":{"start":{"line":89,"column":2},"end":{"line":89,"column":null}},"23":{"start":{"line":93,"column":2},"end":{"line":93,"column":null}},"24":{"start":{"line":97,"column":2},"end":{"line":97,"column":null}},"25":{"start":{"line":101,"column":2},"end":{"line":101,"column":null}},"26":{"start":{"line":107,"column":2},"end":{"line":107,"column":null}},"27":{"start":{"line":105,"column":14},"end":{"line":105,"column":20}},"28":{"start":{"line":113,"column":2},"end":{"line":113,"column":null}},"29":{"start":{"line":111,"column":14},"end":{"line":111,"column":20}},"30":{"start":{"line":120,"column":2},"end":{"line":120,"column":null}},"31":{"start":{"line":117,"column":14},"end":{"line":117,"column":20}},"32":{"start":{"line":127,"column":2},"end":{"line":127,"column":null}},"33":{"start":{"line":124,"column":14},"end":{"line":124,"column":20}},"34":{"start":{"line":131,"column":2},"end":{"line":131,"column":null}},"35":{"start":{"line":135,"column":2},"end":{"line":135,"column":null}},"36":{"start":{"line":139,"column":2},"end":{"line":139,"column":null}},"37":{"start":{"line":143,"column":2},"end":{"line":143,"column":null}},"38":{"start":{"line":147,"column":2},"end":{"line":147,"column":null}},"39":{"start":{"line":152,"column":2},"end":{"line":152,"column":null}},"40":{"start":{"line":151,"column":14},"end":{"line":151,"column":18}},"41":{"start":{"line":157,"column":2},"end":{"line":157,"column":null}},"42":{"start":{"line":156,"column":14},"end":{"line":156,"column":18}},"43":{"start":{"line":162,"column":2},"end":{"line":162,"column":null}},"44":{"start":{"line":161,"column":14},"end":{"line":161,"column":18}},"45":{"start":{"line":167,"column":2},"end":{"line":167,"column":null}},"46":{"start":{"line":166,"column":14},"end":{"line":166,"column":18}},"47":{"start":{"line":171,"column":2},"end":{"line":171,"column":null}},"48":{"start":{"line":177,"column":2},"end":{"line":177,"column":null}},"49":{"start":{"line":175,"column":14},"end":{"line":175,"column":20}},"50":{"start":{"line":184,"column":2},"end":{"line":184,"column":null}},"51":{"start":{"line":181,"column":14},"end":{"line":181,"column":20}},"52":{"start":{"line":188,"column":2},"end":{"line":188,"column":null}},"53":{"start":{"line":192,"column":2},"end":{"line":192,"column":null}},"54":{"start":{"line":195,"column":0},"end":{"line":195,"column":13}},"55":{"start":{"line":198,"column":2},"end":{"line":198,"column":null}},"56":{"start":{"line":201,"column":0},"end":{"line":201,"column":13}},"57":{"start":{"line":206,"column":2},"end":{"line":206,"column":null}},"58":{"start":{"line":205,"column":14},"end":{"line":205,"column":21}},"59":{"start":{"line":210,"column":2},"end":{"line":210,"column":null}}},"fnMap":{"0":{"name":"(anonymous_2)","decl":{"start":{"line":51,"column":8},"end":{"line":51,"column":11}},"loc":{"start":{"line":51,"column":14},"end":{"line":51,"column":20}}},"1":{"name":"(anonymous_3)","decl":{"start":{"line":56,"column":8},"end":{"line":56,"column":11}},"loc":{"start":{"line":56,"column":14},"end":{"line":56,"column":20}}},"2":{"name":"(anonymous_4)","decl":{"start":{"line":105,"column":8},"end":{"line":105,"column":11}},"loc":{"start":{"line":105,"column":14},"end":{"line":105,"column":20}}},"3":{"name":"(anonymous_5)","decl":{"start":{"line":111,"column":8},"end":{"line":111,"column":11}},"loc":{"start":{"line":111,"column":14},"end":{"line":111,"column":20}}},"4":{"name":"(anonymous_6)","decl":{"start":{"line":117,"column":8},"end":{"line":117,"column":11}},"loc":{"start":{"line":117,"column":14},"end":{"line":117,"column":20}}},"5":{"name":"(anonymous_7)","decl":{"start":{"line":124,"column":8},"end":{"line":124,"column":11}},"loc":{"start":{"line":124,"column":14},"end":{"line":124,"column":20}}},"6":{"name":"(anonymous_8)","decl":{"start":{"line":151,"column":8},"end":{"line":151,"column":11}},"loc":{"start":{"line":151,"column":14},"end":{"line":151,"column":18}}},"7":{"name":"(anonymous_9)","decl":{"start":{"line":156,"column":8},"end":{"line":156,"column":11}},"loc":{"start":{"line":156,"column":14},"end":{"line":156,"column":18}}},"8":{"name":"(anonymous_10)","decl":{"start":{"line":161,"column":8},"end":{"line":161,"column":11}},"loc":{"start":{"line":161,"column":14},"end":{"line":161,"column":18}}},"9":{"name":"(anonymous_11)","decl":{"start":{"line":166,"column":8},"end":{"line":166,"column":11}},"loc":{"start":{"line":166,"column":14},"end":{"line":166,"column":18}}},"10":{"name":"(anonymous_12)","decl":{"start":{"line":175,"column":8},"end":{"line":175,"column":11}},"loc":{"start":{"line":175,"column":14},"end":{"line":175,"column":20}}},"11":{"name":"(anonymous_13)","decl":{"start":{"line":181,"column":8},"end":{"line":181,"column":11}},"loc":{"start":{"line":181,"column":14},"end":{"line":181,"column":20}}},"12":{"name":"(anonymous_14)","decl":{"start":{"line":205,"column":8},"end":{"line":205,"column":11}},"loc":{"start":{"line":205,"column":14},"end":{"line":205,"column":21}}}},"branchMap":{},"s":{"0":1,"1":1,"2":1,"3":1,"4":1,"5":1,"6":1,"7":1,"8":1,"9":1,"10":1,"11":1,"12":0,"13":1,"14":0,"15":1,"16":1,"17":1,"18":1,"19":1,"20":1,"21":1,"22":1,"23":1,"24":1,"25":1,"26":1,"27":0,"28":1,"29":0,"30":1,"31":0,"32":1,"33":0,"34":1,"35":1,"36":1,"37":1,"38":1,"39":1,"40":0,"41":1,"42":0,"43":1,"44":0,"45":1,"46":0,"47":1,"48":1,"49":2,"50":1,"51":2,"52":1,"53":1,"54":1,"55":1,"56":1,"57":1,"58":3,"59":1},"f":{"0":0,"1":0,"2":0,"3":0,"4":0,"5":0,"6":0,"7":0,"8":0,"9":0,"10":2,"11":2,"12":3},"b":{}}
,"/Users/yurivarshavsky/Sites/MyTestTasks/user-management-dashboard/backend/src/middlewares/errorHandler.ts": {"path":"/Users/yurivarshavsky/Sites/MyTestTasks/user-management-dashboard/backend/src/middlewares/errorHandler.ts","statementMap":{"0":{"start":{"line":6,"column":0},"end":{"line":6,"column":16}},"1":{"start":{"line":2,"column":0},"end":{"line":2,"column":60}},"2":{"start":{"line":3,"column":0},"end":{"line":3,"column":55}},"3":{"start":{"line":4,"column":0},"end":{"line":4,"column":37}},"4":{"start":{"line":8,"column":23},"end":{"line":16,"column":4}},"5":{"start":{"line":18,"column":2},"end":{"line":24,"column":3}},"6":{"start":{"line":20,"column":4},"end":{"line":20,"column":68}},"7":{"start":{"line":23,"column":4},"end":{"line":23,"column":92}},"8":{"start":{"line":27,"column":2},"end":{"line":33,"column":3}},"9":{"start":{"line":28,"column":4},"end":{"line":32,"column":7}},"10":{"start":{"line":36,"column":2},"end":{"line":48,"column":3}},"11":{"start":{"line":37,"column":55},"end":{"line":37,"column":57}},"12":{"start":{"line":39,"column":4},"end":{"line":41,"column":5}},"13":{"start":{"line":40,"column":6},"end":{"line":40,"column":60}},"14":{"start":{"line":43,"column":4},"end":{"line":47,"column":7}},"15":{"start":{"line":51,"column":2},"end":{"line":57,"column":3}},"16":{"start":{"line":52,"column":4},"end":{"line":56,"column":7}},"17":{"start":{"line":60,"column":2},"end":{"line":66,"column":3}},"18":{"start":{"line":61,"column":18},"end":{"line":61,"column":46}},"19":{"start":{"line":62,"column":4},"end":{"line":65,"column":7}},"20":{"start":{"line":69,"column":21},"end":{"line":69,"column":71}},"21":{"start":{"line":70,"column":2},"end":{"line":74,"column":5}}},"fnMap":{"0":{"name":"errorHandler","decl":{"start":{"line":6,"column":16},"end":{"line":6,"column":28}},"loc":{"start":{"line":6,"column":87},"end":{"line":75,"column":1}}}},"branchMap":{"0":{"loc":{"start":{"line":12,"column":13},"end":{"line":12,"column":54}},"type":"binary-expr","locations":[{"start":{"line":12,"column":13},"end":{"line":12,"column":33}},{"start":{"line":12,"column":37},"end":{"line":12,"column":54}}]},"1":{"loc":{"start":{"line":15,"column":11},"end":{"line":15,"column":72}},"type":"cond-expr","locations":[{"start":{"line":15,"column":51},"end":{"line":15,"column":60}},{"start":{"line":15,"column":63},"end":{"line":15,"column":72}}]},"2":{"loc":{"start":{"line":18,"column":2},"end":{"line":24,"column":3}},"type":"if","locations":[{"start":{"line":18,"column":2},"end":{"line":24,"column":3}},{"start":{"line":21,"column":9},"end":{"line":24,"column":3}}]},"3":{"loc":{"start":{"line":18,"column":6},"end":{"line":18,"column":50}},"type":"binary-expr","locations":[{"start":{"line":18,"column":6},"end":{"line":18,"column":29}},{"start":{"line":18,"column":33},"end":{"line":18,"column":50}}]},"4":{"loc":{"start":{"line":23,"column":37},"end":{"line":23,"column":67}},"type":"binary-expr","locations":[{"start":{"line":23,"column":37},"end":{"line":23,"column":48}},{"start":{"line":23,"column":52},"end":{"line":23,"column":67}}]},"5":{"loc":{"start":{"line":27,"column":2},"end":{"line":33,"column":3}},"type":"if","locations":[{"start":{"line":27,"column":2},"end":{"line":33,"column":3}}]},"6":{"loc":{"start":{"line":27,"column":6},"end":{"line":27,"column":52}},"type":"binary-expr","locations":[{"start":{"line":27,"column":6},"end":{"line":27,"column":37}},{"start":{"line":27,"column":41},"end":{"line":27,"column":52}}]},"7":{"loc":{"start":{"line":36,"column":2},"end":{"line":48,"column":3}},"type":"if","locations":[{"start":{"line":36,"column":2},"end":{"line":48,"column":3}}]},"8":{"loc":{"start":{"line":36,"column":6},"end":{"line":36,"column":71}},"type":"binary-expr","locations":[{"start":{"line":36,"column":6},"end":{"line":36,"column":37}},{"start":{"line":36,"column":41},"end":{"line":36,"column":52}},{"start":{"line":36,"column":56},"end":{"line":36,"column":71}}]},"9":{"loc":{"start":{"line":51,"column":2},"end":{"line":57,"column":3}},"type":"if","locations":[{"start":{"line":51,"column":2},"end":{"line":57,"column":3}}]},"10":{"loc":{"start":{"line":53,"column":14},"end":{"line":53,"column":53}},"type":"cond-expr","locations":[{"start":{"line":53,"column":37},"end":{"line":53,"column":43}},{"start":{"line":53,"column":46},"end":{"line":53,"column":53}}]},"11":{"loc":{"start":{"line":55,"column":10},"end":{"line":55,"column":66}},"type":"binary-expr","locations":[{"start":{"line":55,"column":10},"end":{"line":55,"column":40}},{"start":{"line":55,"column":44},"end":{"line":55,"column":66}}]},"12":{"loc":{"start":{"line":60,"column":2},"end":{"line":66,"column":3}},"type":"if","locations":[{"start":{"line":60,"column":2},"end":{"line":66,"column":3}}]},"13":{"loc":{"start":{"line":69,"column":21},"end":{"line":69,"column":71}},"type":"binary-expr","locations":[{"start":{"line":69,"column":21},"end":{"line":69,"column":35}},{"start":{"line":69,"column":39},"end":{"line":69,"column":71}}]},"14":{"loc":{"start":{"line":73,"column":6},"end":{"line":73,"column":116}},"type":"cond-expr","locations":[{"start":{"line":73,"column":46},"end":{"line":73,"column":68}},{"start":{"line":73,"column":71},"end":{"line":73,"column":116}}]},"15":{"loc":{"start":{"line":73,"column":71},"end":{"line":73,"column":116}},"type":"binary-expr","locations":[{"start":{"line":73,"column":71},"end":{"line":73,"column":82}},{"start":{"line":73,"column":86},"end":{"line":73,"column":116}}]}},"s":{"0":0,"1":0,"2":0,"3":0,"4":0,"5":0,"6":0,"7":0,"8":0,"9":0,"10":0,"11":0,"12":0,"13":0,"14":0,"15":0,"16":0,"17":0,"18":0,"19":0,"20":0,"21":0},"f":{"0":0},"b":{"0":[0,0],"1":[0,0],"2":[0,0],"3":[0,0],"4":[0,0],"5":[0],"6":[0,0],"7":[0],"8":[0,0,0],"9":[0],"10":[0,0],"11":[0,0],"12":[0],"13":[0,0],"14":[0,0],"15":[0,0]}}
,"/Users/yurivarshavsky/Sites/MyTestTasks/user-management-dashboard/backend/src/middlewares/validation.middleware.ts": {"path":"/Users/yurivarshavsky/Sites/MyTestTasks/user-management-dashboard/backend/src/middlewares/validation.middleware.ts","statementMap":{"0":{"start":{"line":11,"column":0},"end":{"line":11,"column":16}},"1":{"start":{"line":39,"column":0},"end":{"line":39,"column":16}},"2":{"start":{"line":2,"column":0},"end":{"line":2,"column":84}},"3":{"start":{"line":3,"column":0},"end":{"line":3,"column":52}},"4":{"start":{"line":4,"column":0},"end":{"line":4,"column":50}},"5":{"start":{"line":12,"column":2},"end":{"line":31,"column":4}},"6":{"start":{"line":14,"column":22},"end":{"line":14,"column":52}},"7":{"start":{"line":17,"column":19},"end":{"line":21,"column":6}},"8":{"start":{"line":23,"column":4},"end":{"line":26,"column":5}},"9":{"start":{"line":24,"column":31},"end":{"line":24,"column":61}},"10":{"start":{"line":25,"column":6},"end":{"line":25,"column":57}},"11":{"start":{"line":29,"column":4},"end":{"line":29,"column":25}},"12":{"start":{"line":30,"column":4},"end":{"line":30,"column":11}},"13":{"start":{"line":40,"column":2},"end":{"line":58,"column":4}},"14":{"start":{"line":41,"column":22},"end":{"line":41,"column":53}},"15":{"start":{"line":43,"column":19},"end":{"line":47,"column":6}},"16":{"start":{"line":49,"column":4},"end":{"line":52,"column":5}},"17":{"start":{"line":50,"column":31},"end":{"line":50,"column":61}},"18":{"start":{"line":51,"column":6},"end":{"line":51,"column":57}},"19":{"start":{"line":56,"column":5},"end":{"line":56,"column":44}},"20":{"start":{"line":57,"column":4},"end":{"line":57,"column":11}},"21":{"start":{"line":67,"column":52},"end":{"line":67,"column":54}},"22":{"start":{"line":69,"column":2},"end":{"line":85,"column":3}},"23":{"start":{"line":70,"column":21},"end":{"line":70,"column":35}},"24":{"start":{"line":71,"column":24},"end":{"line":71,"column":41}},"25":{"start":{"line":73,"column":4},"end":{"line":75,"column":5}},"26":{"start":{"line":74,"column":6},"end":{"line":74,"column":61}},"27":{"start":{"line":78,"column":4},"end":{"line":84,"column":5}},"28":{"start":{"line":79,"column":27},"end":{"line":79,"column":65}},"29":{"start":{"line":81,"column":6},"end":{"line":83,"column":7}},"30":{"start":{"line":82,"column":8},"end":{"line":82,"column":68}},"31":{"start":{"line":87,"column":2},"end":{"line":87,"column":25}}},"fnMap":{"0":{"name":"validateBody","decl":{"start":{"line":11,"column":16},"end":{"line":11,"column":28}},"loc":{"start":{"line":11,"column":68},"end":{"line":32,"column":1}}},"1":{"name":"(anonymous_1)","decl":{"start":{"line":12,"column":9},"end":{"line":12,"column":14}},"loc":{"start":{"line":12,"column":67},"end":{"line":31,"column":3}}},"2":{"name":"validateQuery","decl":{"start":{"line":39,"column":16},"end":{"line":39,"column":29}},"loc":{"start":{"line":39,"column":68},"end":{"line":59,"column":1}}},"3":{"name":"(anonymous_3)","decl":{"start":{"line":40,"column":9},"end":{"line":40,"column":14}},"loc":{"start":{"line":40,"column":67},"end":{"line":58,"column":3}}},"4":{"name":"formatValidationErrors","decl":{"start":{"line":66,"column":9},"end":{"line":66,"column":31}},"loc":{"start":{"line":66,"column":62},"end":{"line":88,"column":1}}}},"branchMap":{"0":{"loc":{"start":{"line":11,"column":39},"end":{"line":11,"column":68}},"type":"default-arg","locations":[{"start":{"line":11,"column":63},"end":{"line":11,"column":68}}]},"1":{"loc":{"start":{"line":23,"column":4},"end":{"line":26,"column":5}},"type":"if","locations":[{"start":{"line":23,"column":4},"end":{"line":26,"column":5}}]},"2":{"loc":{"start":{"line":39,"column":40},"end":{"line":39,"column":68}},"type":"default-arg","locations":[{"start":{"line":39,"column":64},"end":{"line":39,"column":68}}]},"3":{"loc":{"start":{"line":49,"column":4},"end":{"line":52,"column":5}},"type":"if","locations":[{"start":{"line":49,"column":4},"end":{"line":52,"column":5}}]},"4":{"loc":{"start":{"line":73,"column":4},"end":{"line":75,"column":5}},"type":"if","locations":[{"start":{"line":73,"column":4},"end":{"line":75,"column":5}}]},"5":{"loc":{"start":{"line":78,"column":4},"end":{"line":84,"column":5}},"type":"if","locations":[{"start":{"line":78,"column":4},"end":{"line":84,"column":5}}]},"6":{"loc":{"start":{"line":78,"column":8},"end":{"line":78,"column":51}},"type":"binary-expr","locations":[{"start":{"line":78,"column":8},"end":{"line":78,"column":22}},{"start":{"line":78,"column":26},"end":{"line":78,"column":51}}]}},"s":{"0":1,"1":1,"2":1,"3":1,"4":1,"5":3,"6":3,"7":3,"8":3,"9":2,"10":2,"11":1,"12":1,"13":3,"14":3,"15":3,"16":3,"17":1,"18":1,"19":2,"20":2,"21":5,"22":5,"23":8,"24":8,"25":8,"26":6,"27":8,"28":2,"29":2,"30":2,"31":5},"f":{"0":3,"1":3,"2":3,"3":3,"4":5},"b":{"0":[3],"1":[2],"2":[3],"3":[1],"4":[6],"5":[2],"6":[8,8]}}
,"/Users/yurivarshavsky/Sites/MyTestTasks/user-management-dashboard/backend/src/models/User.ts": {"path":"/Users/yurivarshavsky/Sites/MyTestTasks/user-management-dashboard/backend/src/models/User.ts","statementMap":{"0":{"start":{"line":1,"column":0},"end":{"line":1,"column":41}},"1":{"start":{"line":3,"column":19},"end":{"line":83,"column":2}},"2":{"start":{"line":84,"column":0},"end":{"line":84,"column":41}}},"fnMap":{},"branchMap":{},"s":{"0":3,"1":3,"2":3},"f":{},"b":{}}
,"/Users/yurivarshavsky/Sites/MyTestTasks/user-management-dashboard/backend/src/repositories/user.repository.ts": {"path":"/Users/yurivarshavsky/Sites/MyTestTasks/user-management-dashboard/backend/src/repositories/user.repository.ts","statementMap":{"0":{"start":{"line":1,"column":0},"end":{"line":1,"column":39}},"1":{"start":{"line":2,"column":0},"end":{"line":2,"column":35}},"2":{"start":{"line":7,"column":17},"end":{"line":7,"column":35}},"3":{"start":{"line":8,"column":4},"end":{"line":8,"column":77}},"4":{"start":{"line":12,"column":4},"end":{"line":12,"column":45}},"5":{"start":{"line":16,"column":4},"end":{"line":16,"column":89}},"6":{"start":{"line":20,"column":16},"end":{"line":20,"column":26}},"7":{"start":{"line":21,"column":4},"end":{"line":160,"column":7}},"8":{"start":{"line":5,"column":0},"end":{"line":5,"column":13}}},"fnMap":{"0":{"name":"(anonymous_1)","decl":{"start":{"line":6,"column":2},"end":{"line":6,"column":7}},"loc":{"start":{"line":6,"column":93},"end":{"line":9,"column":3}}},"1":{"name":"(anonymous_2)","decl":{"start":{"line":11,"column":2},"end":{"line":11,"column":7}},"loc":{"start":{"line":11,"column":54},"end":{"line":13,"column":3}}},"2":{"name":"(anonymous_3)","decl":{"start":{"line":15,"column":2},"end":{"line":15,"column":7}},"loc":{"start":{"line":15,"column":68},"end":{"line":17,"column":3}}},"3":{"name":"(anonymous_4)","decl":{"start":{"line":19,"column":2},"end":{"line":19,"column":7}},"loc":{"start":{"line":19,"column":22},"end":{"line":161,"column":3}}}},"branchMap":{"0":{"loc":{"start":{"line":6,"column":16},"end":{"line":6,"column":47}},"type":"default-arg","locations":[{"start":{"line":6,"column":45},"end":{"line":6,"column":47}}]},"1":{"loc":{"start":{"line":6,"column":49},"end":{"line":6,"column":71}},"type":"default-arg","locations":[{"start":{"line":6,"column":69},"end":{"line":6,"column":71}}]},"2":{"loc":{"start":{"line":6,"column":73},"end":{"line":6,"column":81}},"type":"default-arg","locations":[{"start":{"line":6,"column":80},"end":{"line":6,"column":81}}]},"3":{"loc":{"start":{"line":6,"column":83},"end":{"line":6,"column":93}},"type":"default-arg","locations":[{"start":{"line":6,"column":91},"end":{"line":6,"column":93}}]},"4":{"loc":{"start":{"line":11,"column":23},"end":{"line":11,"column":54}},"type":"default-arg","locations":[{"start":{"line":11,"column":52},"end":{"line":11,"column":54}}]}},"s":{"0":3,"1":3,"2":0,"3":0,"4":0,"5":0,"6":0,"7":0,"8":3},"f":{"0":0,"1":0,"2":0,"3":0},"b":{"0":[0],"1":[0],"2":[0],"3":[0],"4":[0]}}
,"/Users/yurivarshavsky/Sites/MyTestTasks/user-management-dashboard/backend/src/routes/user.routes.ts": {"path":"/Users/yurivarshavsky/Sites/MyTestTasks/user-management-dashboard/backend/src/routes/user.routes.ts","statementMap":{"0":{"start":{"line":1,"column":0},"end":{"line":1,"column":33}},"1":{"start":{"line":2,"column":0},"end":{"line":2,"column":86}},"2":{"start":{"line":3,"column":0},"end":{"line":3,"column":83}},"3":{"start":{"line":4,"column":0},"end":{"line":4,"column":69}},"4":{"start":{"line":6,"column":15},"end":{"line":6,"column":23}},"5":{"start":{"line":8,"column":0},"end":{"line":8,"column":59}},"6":{"start":{"line":9,"column":0},"end":{"line":9,"column":70}},"7":{"start":{"line":10,"column":0},"end":{"line":10,"column":35}},"8":{"start":{"line":12,"column":0},"end":{"line":12,"column":22}}},"fnMap":{},"branchMap":{},"s":{"0":0,"1":0,"2":0,"3":0,"4":0,"5":0,"6":0,"7":0,"8":0},"f":{},"b":{}}
,"/Users/yurivarshavsky/Sites/MyTestTasks/user-management-dashboard/backend/src/services/user.service.ts": {"path":"/Users/yurivarshavsky/Sites/MyTestTasks/user-management-dashboard/backend/src/services/user.service.ts","statementMap":{"0":{"start":{"line":18,"column":4},"end":{"line":18,"column":29}},"1":{"start":{"line":22,"column":39},"end":{"line":22,"column":41}},"2":{"start":{"line":23,"column":30},"end":{"line":23,"column":32}},"3":{"start":{"line":24,"column":17},"end":{"line":24,"column":52}},"4":{"start":{"line":25,"column":18},"end":{"line":25,"column":55}},"5":{"start":{"line":27,"column":4},"end":{"line":27,"column":68}},"6":{"start":{"line":27,"column":22},"end":{"line":27,"column":68}},"7":{"start":{"line":28,"column":4},"end":{"line":28,"column":82}},"8":{"start":{"line":28,"column":23},"end":{"line":28,"column":82}},"9":{"start":{"line":29,"column":4},"end":{"line":29,"column":103}},"10":{"start":{"line":29,"column":30},"end":{"line":29,"column":103}},"11":{"start":{"line":30,"column":4},"end":{"line":30,"column":75}},"12":{"start":{"line":30,"column":22},"end":{"line":30,"column":75}},"13":{"start":{"line":32,"column":18},"end":{"line":32,"column":61}},"14":{"start":{"line":33,"column":18},"end":{"line":33,"column":73}},"15":{"start":{"line":35,"column":4},"end":{"line":43,"column":6}},"16":{"start":{"line":47,"column":16},"end":{"line":47,"column":39}},"17":{"start":{"line":47,"column":33},"end":{"line":47,"column":38}},"18":{"start":{"line":48,"column":4},"end":{"line":48,"column":65}},"19":{"start":{"line":52,"column":4},"end":{"line":52,"column":42}},"20":{"start":{"line":14,"column":0},"end":{"line":14,"column":13}}},"fnMap":{"0":{"name":"(anonymous_0)","decl":{"start":{"line":17,"column":2},"end":{"line":17,"column":14}},"loc":{"start":{"line":17,"column":38},"end":{"line":19,"column":3}}},"1":{"name":"(anonymous_1)","decl":{"start":{"line":21,"column":2},"end":{"line":21,"column":7}},"loc":{"start":{"line":21,"column":30},"end":{"line":44,"column":3}}},"2":{"name":"(anonymous_2)","decl":{"start":{"line":46,"column":2},"end":{"line":46,"column":7}},"loc":{"start":{"line":46,"column":67},"end":{"line":49,"column":3}}},"3":{"name":"(anonymous_3)","decl":{"start":{"line":47,"column":26},"end":{"line":47,"column":27}},"loc":{"start":{"line":47,"column":33},"end":{"line":47,"column":38}}},"4":{"name":"(anonymous_4)","decl":{"start":{"line":51,"column":2},"end":{"line":51,"column":7}},"loc":{"start":{"line":51,"column":20},"end":{"line":53,"column":3}}}},"branchMap":{"0":{"loc":{"start":{"line":24,"column":17},"end":{"line":24,"column":52}},"type":"binary-expr","locations":[{"start":{"line":24,"column":17},"end":{"line":24,"column":47}},{"start":{"line":24,"column":51},"end":{"line":24,"column":52}}]},"1":{"loc":{"start":{"line":25,"column":18},"end":{"line":25,"column":55}},"type":"binary-expr","locations":[{"start":{"line":25,"column":18},"end":{"line":25,"column":49}},{"start":{"line":25,"column":53},"end":{"line":25,"column":55}}]},"2":{"loc":{"start":{"line":27,"column":4},"end":{"line":27,"column":68}},"type":"if","locations":[{"start":{"line":27,"column":4},"end":{"line":27,"column":68}}]},"3":{"loc":{"start":{"line":28,"column":4},"end":{"line":28,"column":82}},"type":"if","locations":[{"start":{"line":28,"column":4},"end":{"line":28,"column":82}}]},"4":{"loc":{"start":{"line":29,"column":4},"end":{"line":29,"column":103}},"type":"if","locations":[{"start":{"line":29,"column":4},"end":{"line":29,"column":103}}]},"5":{"loc":{"start":{"line":30,"column":4},"end":{"line":30,"column":75}},"type":"if","locations":[{"start":{"line":30,"column":4},"end":{"line":30,"column":75}}]},"6":{"loc":{"start":{"line":30,"column":43},"end":{"line":30,"column":74}},"type":"cond-expr","locations":[{"start":{"line":30,"column":68},"end":{"line":30,"column":70}},{"start":{"line":30,"column":73},"end":{"line":30,"column":74}}]}},"s":{"0":11,"1":9,"2":9,"3":9,"4":9,"5":9,"6":2,"7":9,"8":1,"9":9,"10":1,"11":9,"12":2,"13":9,"14":9,"15":9,"16":1,"17":2,"18":1,"19":1,"20":3},"f":{"0":11,"1":9,"2":1,"3":2,"4":1},"b":{"0":[9,5],"1":[9,4],"2":[2],"3":[1],"4":[1],"5":[2],"6":[2,0]}}
,"/Users/yurivarshavsky/Sites/MyTestTasks/user-management-dashboard/backend/src/types/express.d.ts": {"path":"/Users/yurivarshavsky/Sites/MyTestTasks/user-management-dashboard/backend/src/types/express.d.ts","statementMap":{},"fnMap":{},"branchMap":{},"s":{},"f":{},"b":{}}
,"/Users/yurivarshavsky/Sites/MyTestTasks/user-management-dashboard/backend/src/types/http-status.enum.ts": {"path":"/Users/yurivarshavsky/Sites/MyTestTasks/user-management-dashboard/backend/src/types/http-status.enum.ts","statementMap":{"0":{"start":{"line":1,"column":0},"end":{"line":1,"column":null}},"1":{"start":{"line":2,"column":2},"end":{"line":2,"column":null}},"2":{"start":{"line":3,"column":2},"end":{"line":3,"column":null}},"3":{"start":{"line":4,"column":2},"end":{"line":4,"column":null}},"4":{"start":{"line":5,"column":2},"end":{"line":5,"column":null}},"5":{"start":{"line":6,"column":2},"end":{"line":6,"column":null}},"6":{"start":{"line":7,"column":2},"end":{"line":7,"column":null}},"7":{"start":{"line":8,"column":2},"end":{"line":8,"column":null}},"8":{"start":{"line":9,"column":2},"end":{"line":9,"column":null}},"9":{"start":{"line":10,"column":2},"end":{"line":10,"column":null}},"10":{"start":{"line":11,"column":2},"end":{"line":11,"column":null}},"11":{"start":{"line":12,"column":2},"end":{"line":12,"column":null}}},"fnMap":{"0":{"name":"(anonymous_0)","decl":{"start":{"line":1,"column":0},"end":{"line":1,"column":12}},"loc":{"start":{"line":1,"column":22},"end":{"line":13,"column":1}}}},"branchMap":{"0":{"loc":{"start":{"line":1,"column":12},"end":{"line":1,"column":null}},"type":"binary-expr","locations":[{"start":{"line":1,"column":12},"end":{"line":1,"column":22}},{"start":{"line":1,"column":22},"end":{"line":1,"column":null}}]}},"s":{"0":2,"1":2,"2":2,"3":2,"4":2,"5":2,"6":2,"7":2,"8":2,"9":2,"10":2,"11":2},"f":{"0":2},"b":{"0":[2,2]}}
,"/Users/yurivarshavsky/Sites/MyTestTasks/user-management-dashboard/backend/src/utils/errors.ts": {"path":"/Users/yurivarshavsky/Sites/MyTestTasks/user-management-dashboard/backend/src/utils/errors.ts","statementMap":{"0":{"start":{"line":1,"column":0},"end":{"line":1,"column":55}},"1":{"start":{"line":8,"column":4},"end":{"line":8,"column":19}},"2":{"start":{"line":9,"column":4},"end":{"line":9,"column":33}},"3":{"start":{"line":10,"column":4},"end":{"line":10,"column":39}},"4":{"start":{"line":11,"column":4},"end":{"line":11,"column":52}},"5":{"start":{"line":3,"column":0},"end":{"line":3,"column":13}},"6":{"start":{"line":17,"column":4},"end":{"line":17,"column":43}},"7":{"start":{"line":15,"column":0},"end":{"line":15,"column":13}},"8":{"start":{"line":23,"column":4},"end":{"line":23,"column":41}},"9":{"start":{"line":21,"column":0},"end":{"line":21,"column":13}},"10":{"start":{"line":29,"column":4},"end":{"line":29,"column":44}},"11":{"start":{"line":27,"column":0},"end":{"line":27,"column":13}},"12":{"start":{"line":35,"column":4},"end":{"line":35,"column":41}},"13":{"start":{"line":33,"column":0},"end":{"line":33,"column":13}},"14":{"start":{"line":43,"column":4},"end":{"line":43,"column":19}},"15":{"start":{"line":44,"column":4},"end":{"line":44,"column":25}},"16":{"start":{"line":39,"column":0},"end":{"line":39,"column":13}},"17":{"start":{"line":50,"column":4},"end":{"line":50,"column":60}},"18":{"start":{"line":48,"column":0},"end":{"line":48,"column":13}}},"fnMap":{"0":{"name":"(anonymous_0)","decl":{"start":{"line":7,"column":2},"end":{"line":7,"column":14}},"loc":{"start":{"line":7,"column":71},"end":{"line":12,"column":3}}},"1":{"name":"(anonymous_1)","decl":{"start":{"line":16,"column":2},"end":{"line":16,"column":14}},"loc":{"start":{"line":16,"column":37},"end":{"line":18,"column":3}}},"2":{"name":"(anonymous_2)","decl":{"start":{"line":22,"column":2},"end":{"line":22,"column":14}},"loc":{"start":{"line":22,"column":44},"end":{"line":24,"column":3}}},"3":{"name":"(anonymous_3)","decl":{"start":{"line":28,"column":2},"end":{"line":28,"column":14}},"loc":{"start":{"line":28,"column":38},"end":{"line":30,"column":3}}},"4":{"name":"(anonymous_4)","decl":{"start":{"line":34,"column":2},"end":{"line":34,"column":14}},"loc":{"start":{"line":34,"column":35},"end":{"line":36,"column":3}}},"5":{"name":"(anonymous_5)","decl":{"start":{"line":42,"column":2},"end":{"line":42,"column":14}},"loc":{"start":{"line":42,"column":77},"end":{"line":45,"column":3}}},"6":{"name":"(anonymous_6)","decl":{"start":{"line":49,"column":2},"end":{"line":49,"column":14}},"loc":{"start":{"line":49,"column":47},"end":{"line":51,"column":3}}}},"branchMap":{"0":{"loc":{"start":{"line":7,"column":51},"end":{"line":7,"column":71}},"type":"default-arg","locations":[{"start":{"line":7,"column":67},"end":{"line":7,"column":71}}]},"1":{"loc":{"start":{"line":16,"column":14},"end":{"line":16,"column":37}},"type":"default-arg","locations":[{"start":{"line":16,"column":24},"end":{"line":16,"column":37}}]},"2":{"loc":{"start":{"line":22,"column":14},"end":{"line":22,"column":44}},"type":"default-arg","locations":[{"start":{"line":22,"column":24},"end":{"line":22,"column":44}}]},"3":{"loc":{"start":{"line":28,"column":14},"end":{"line":28,"column":38}},"type":"default-arg","locations":[{"start":{"line":28,"column":24},"end":{"line":28,"column":38}}]},"4":{"loc":{"start":{"line":34,"column":14},"end":{"line":34,"column":35}},"type":"default-arg","locations":[{"start":{"line":34,"column":24},"end":{"line":34,"column":35}}]},"5":{"loc":{"start":{"line":42,"column":48},"end":{"line":42,"column":77}},"type":"default-arg","locations":[{"start":{"line":42,"column":58},"end":{"line":42,"column":77}}]},"6":{"loc":{"start":{"line":49,"column":14},"end":{"line":49,"column":47}},"type":"default-arg","locations":[{"start":{"line":49,"column":24},"end":{"line":49,"column":47}}]}},"s":{"0":2,"1":5,"2":5,"3":5,"4":5,"5":2,"6":5,"7":2,"8":0,"9":2,"10":0,"11":2,"12":0,"13":2,"14":3,"15":3,"16":2,"17":0,"18":2},"f":{"0":5,"1":5,"2":0,"3":0,"4":0,"5":3,"6":0},"b":{"0":[5],"1":[0],"2":[0],"3":[0],"4":[0],"5":[3],"6":[0]}}
,"/Users/yurivarshavsky/Sites/MyTestTasks/user-management-dashboard/backend/src/utils/logger.ts": {"path":"/Users/yurivarshavsky/Sites/MyTestTasks/user-management-dashboard/backend/src/utils/logger.ts","statementMap":{"0":{"start":{"line":1,"column":0},"end":{"line":1,"column":30}},"1":{"start":{"line":2,"column":0},"end":{"line":2,"column":24}},"2":{"start":{"line":5,"column":15},"end":{"line":11,"column":2}},"3":{"start":{"line":14,"column":14},"end":{"line":17,"column":1}},"4":{"start":{"line":15,"column":14},"end":{"line":15,"column":51}},"5":{"start":{"line":16,"column":2},"end":{"line":16,"column":50}},"6":{"start":{"line":20,"column":15},"end":{"line":26,"column":2}},"7":{"start":{"line":29,"column":0},"end":{"line":29,"column":26}},"8":{"start":{"line":32,"column":15},"end":{"line":38,"column":null}},"9":{"start":{"line":38,"column":34},"end":{"line":38,"column":84}},"10":{"start":{"line":42,"column":19},"end":{"line":56,"column":2}},"11":{"start":{"line":59,"column":15},"end":{"line":64,"column":2}},"12":{"start":{"line":66,"column":0},"end":{"line":66,"column":22}}},"fnMap":{"0":{"name":"(anonymous_1)","decl":{"start":{"line":14,"column":14},"end":{"line":14,"column":17}},"loc":{"start":{"line":14,"column":19},"end":{"line":17,"column":1}}},"1":{"name":"(anonymous_2)","decl":{"start":{"line":38,"column":24},"end":{"line":38,"column":25}},"loc":{"start":{"line":38,"column":34},"end":{"line":38,"column":84}}}},"branchMap":{"0":{"loc":{"start":{"line":15,"column":14},"end":{"line":15,"column":51}},"type":"binary-expr","locations":[{"start":{"line":15,"column":14},"end":{"line":15,"column":34}},{"start":{"line":15,"column":38},"end":{"line":15,"column":51}}]},"1":{"loc":{"start":{"line":16,"column":9},"end":{"line":16,"column":49}},"type":"cond-expr","locations":[{"start":{"line":16,"column":33},"end":{"line":16,"column":40}},{"start":{"line":16,"column":43},"end":{"line":16,"column":49}}]}},"s":{"0":0,"1":0,"2":0,"3":0,"4":0,"5":0,"6":0,"7":0,"8":0,"9":0,"10":0,"11":0,"12":0},"f":{"0":0,"1":0},"b":{"0":[0,0],"1":[0,0]}}
,"/Users/yurivarshavsky/Sites/MyTestTasks/user-management-dashboard/backend/src/utils/seed.ts": {"path":"/Users/yurivarshavsky/Sites/MyTestTasks/user-management-dashboard/backend/src/utils/seed.ts","statementMap":{"0":{"start":{"line":1,"column":0},"end":{"line":1,"column":32}},"1":{"start":{"line":2,"column":0},"end":{"line":2,"column":28}},"2":{"start":{"line":3,"column":0},"end":{"line":3,"column":34}},"3":{"start":{"line":4,"column":0},"end":{"line":4,"column":45}},"4":{"start":{"line":6,"column":0},"end":{"line":6,"column":16}},"5":{"start":{"line":8,"column":18},"end":{"line":8,"column":45}},"6":{"start":{"line":10,"column":12},"end":{"line":16,"column":1}},"7":{"start":{"line":11,"column":2},"end":{"line":11,"column":36}},"8":{"start":{"line":12,"column":2},"end":{"line":12,"column":28}},"9":{"start":{"line":13,"column":2},"end":{"line":13,"column":37}},"10":{"start":{"line":14,"column":2},"end":{"line":14,"column":41}},"11":{"start":{"line":15,"column":2},"end":{"line":15,"column":18}},"12":{"start":{"line":18,"column":0},"end":{"line":18,"column":6}}},"fnMap":{"0":{"name":"(anonymous_1)","decl":{"start":{"line":10,"column":12},"end":{"line":10,"column":17}},"loc":{"start":{"line":10,"column":23},"end":{"line":16,"column":1}}}},"branchMap":{"0":{"loc":{"start":{"line":8,"column":18},"end":{"line":8,"column":45}},"type":"binary-expr","locations":[{"start":{"line":8,"column":18},"end":{"line":8,"column":39}},{"start":{"line":8,"column":43},"end":{"line":8,"column":45}}]}},"s":{"0":0,"1":0,"2":0,"3":0,"4":0,"5":0,"6":0,"7":0,"8":0,"9":0,"10":0,"11":0,"12":0},"f":{"0":0},"b":{"0":[0,0]}}
}
