TN:
SF:src/SAMPLE_DATA.ts
FNF:0
FNH:0
DA:1,0
DA:3,0
DA:1081,0
DA:1082,0
DA:1083,0
DA:1084,0
DA:1085,0
DA:1087,0
LF:8
LH:0
BRF:0
BRH:0
end_of_record
TN:
SF:src/app.ts
FNF:0
FNH:0
DA:1,0
DA:2,0
DA:3,0
DA:4,0
DA:6,0
DA:8,0
DA:9,0
DA:11,0
DA:12,0
DA:14,0
LF:10
LH:0
BRF:0
BRH:0
end_of_record
TN:
SF:src/server.ts
FN:13,(anonymous_1)
FN:15,(anonymous_2)
FN:19,(anonymous_3)
FNF:3
FNH:0
FNDA:0,(anonymous_1)
FNDA:0,(anonymous_2)
FNDA:0,(anonymous_3)
DA:1,0
DA:2,0
DA:3,0
DA:4,0
DA:6,0
DA:8,0
DA:9,0
DA:11,0
DA:14,0
DA:15,0
DA:16,0
DA:20,0
LF:12
LH:0
BRDA:8,0,0,0
BRDA:8,0,1,0
BRDA:9,1,0,0
BRDA:9,1,1,0
BRF:4
BRH:0
end_of_record
TN:
SF:src/controllers/user.controller.ts
FN:9,(anonymous_1)
FN:25,(anonymous_2)
FN:55,(anonymous_3)
FNF:3
FNH:3
FNDA:2,(anonymous_1)
FNDA:3,(anonymous_2)
FNDA:2,(anonymous_3)
DA:2,1
DA:3,1
DA:4,1
DA:5,1
DA:7,1
DA:9,1
DA:10,2
DA:12,2
DA:13,2
DA:14,1
DA:16,1
DA:21,1
DA:25,1
DA:26,3
DA:27,3
DA:29,3
DA:30,1
DA:33,2
DA:34,1
DA:37,1
DA:38,1
DA:43,1
DA:45,2
DA:51,2
DA:55,1
DA:56,2
DA:57,2
DA:58,1
DA:59,1
DA:61,1
DA:65,1
LF:31
LH:31
BRDA:12,0,0,2
BRDA:12,0,1,2
BRDA:17,1,0,1
BRDA:17,1,1,0
BRDA:18,2,0,1
BRDA:18,2,1,0
BRDA:19,3,0,1
BRDA:19,3,1,1
BRDA:21,4,0,1
BRDA:21,4,1,0
BRDA:29,5,0,1
BRDA:29,6,0,3
BRDA:29,6,1,2
BRDA:29,6,2,2
BRDA:33,7,0,1
BRDA:46,8,0,2
BRDA:46,8,1,0
BRDA:47,9,0,2
BRDA:47,9,1,0
BRDA:49,10,0,1
BRDA:49,10,1,1
BRDA:62,11,0,1
BRDA:62,11,1,0
BRDA:63,12,0,1
BRDA:63,12,1,0
BRDA:65,13,0,1
BRDA:65,13,1,0
BRF:27
BRH:19
end_of_record
TN:
SF:src/dtos/user.dto.ts
FN:51,(anonymous_2)
FN:56,(anonymous_3)
FN:105,(anonymous_4)
FN:111,(anonymous_5)
FN:117,(anonymous_6)
FN:124,(anonymous_7)
FN:151,(anonymous_8)
FN:156,(anonymous_9)
FN:161,(anonymous_10)
FN:166,(anonymous_11)
FN:175,(anonymous_12)
FN:181,(anonymous_13)
FN:205,(anonymous_14)
FNF:13
FNH:3
FNDA:0,(anonymous_2)
FNDA:0,(anonymous_3)
FNDA:0,(anonymous_4)
FNDA:0,(anonymous_5)
FNDA:0,(anonymous_6)
FNDA:0,(anonymous_7)
FNDA:0,(anonymous_8)
FNDA:0,(anonymous_9)
FNDA:0,(anonymous_10)
FNDA:0,(anonymous_11)
FNDA:2,(anonymous_12)
FNDA:2,(anonymous_13)
FNDA:3,(anonymous_14)
DA:1,1
DA:14,1
DA:16,1
DA:19,1
DA:23,1
DA:27,1
DA:31,1
DA:35,1
DA:39,1
DA:43,1
DA:47,1
DA:51,0
DA:52,1
DA:56,0
DA:57,1
DA:61,1
DA:65,1
DA:69,1
DA:73,1
DA:77,1
DA:81,1
DA:85,1
DA:89,1
DA:93,1
DA:97,1
DA:101,1
DA:105,0
DA:107,1
DA:111,0
DA:113,1
DA:117,0
DA:120,1
DA:124,0
DA:127,1
DA:131,1
DA:135,1
DA:139,1
DA:143,1
DA:147,1
DA:151,0
DA:152,1
DA:156,0
DA:157,1
DA:161,0
DA:162,1
DA:166,0
DA:167,1
DA:171,1
DA:175,2
DA:177,1
DA:181,2
DA:184,1
DA:188,1
DA:192,1
DA:195,1
DA:198,1
DA:201,1
DA:205,3
DA:206,1
DA:210,1
LF:60
LH:50
BRF:0
BRH:0
end_of_record
TN:
SF:src/middlewares/errorHandler.ts
FN:6,errorHandler
FNF:1
FNH:0
FNDA:0,errorHandler
DA:2,0
DA:3,0
DA:4,0
DA:6,0
DA:8,0
DA:18,0
DA:20,0
DA:23,0
DA:27,0
DA:28,0
DA:36,0
DA:37,0
DA:39,0
DA:40,0
DA:43,0
DA:51,0
DA:52,0
DA:60,0
DA:61,0
DA:62,0
DA:69,0
DA:70,0
LF:22
LH:0
BRDA:12,0,0,0
BRDA:12,0,1,0
BRDA:15,1,0,0
BRDA:15,1,1,0
BRDA:18,2,0,0
BRDA:18,2,1,0
BRDA:18,3,0,0
BRDA:18,3,1,0
BRDA:23,4,0,0
BRDA:23,4,1,0
BRDA:27,5,0,0
BRDA:27,6,0,0
BRDA:27,6,1,0
BRDA:36,7,0,0
BRDA:36,8,0,0
BRDA:36,8,1,0
BRDA:36,8,2,0
BRDA:51,9,0,0
BRDA:53,10,0,0
BRDA:53,10,1,0
BRDA:55,11,0,0
BRDA:55,11,1,0
BRDA:60,12,0,0
BRDA:69,13,0,0
BRDA:69,13,1,0
BRDA:73,14,0,0
BRDA:73,14,1,0
BRDA:73,15,0,0
BRDA:73,15,1,0
BRF:29
BRH:0
end_of_record
TN:
SF:src/middlewares/validation.middleware.ts
FN:11,validateBody
FN:12,(anonymous_1)
FN:39,validateQuery
FN:40,(anonymous_3)
FN:66,formatValidationErrors
FNF:5
FNH:5
FNDA:3,validateBody
FNDA:3,(anonymous_1)
FNDA:3,validateQuery
FNDA:3,(anonymous_3)
FNDA:5,formatValidationErrors
DA:2,1
DA:3,1
DA:4,1
DA:11,1
DA:12,3
DA:14,3
DA:17,3
DA:23,3
DA:24,2
DA:25,2
DA:29,1
DA:30,1
DA:39,1
DA:40,3
DA:41,3
DA:43,3
DA:49,3
DA:50,1
DA:51,1
DA:56,2
DA:57,2
DA:67,5
DA:69,5
DA:70,8
DA:71,8
DA:73,8
DA:74,6
DA:78,8
DA:79,2
DA:81,2
DA:82,2
DA:87,5
LF:32
LH:32
BRDA:11,0,0,3
BRDA:23,1,0,2
BRDA:39,2,0,3
BRDA:49,3,0,1
BRDA:73,4,0,6
BRDA:78,5,0,2
BRDA:78,6,0,8
BRDA:78,6,1,8
BRF:8
BRH:8
end_of_record
TN:
SF:src/models/User.ts
FNF:0
FNH:0
DA:1,3
DA:3,3
DA:84,3
LF:3
LH:3
BRF:0
BRH:0
end_of_record
TN:
SF:src/repositories/user.repository.ts
FN:6,(anonymous_1)
FN:11,(anonymous_2)
FN:15,(anonymous_3)
FN:19,(anonymous_4)
FNF:4
FNH:0
FNDA:0,(anonymous_1)
FNDA:0,(anonymous_2)
FNDA:0,(anonymous_3)
FNDA:0,(anonymous_4)
DA:1,3
DA:2,3
DA:5,3
DA:7,0
DA:8,0
DA:12,0
DA:16,0
DA:20,0
DA:21,0
LF:9
LH:3
BRDA:6,0,0,0
BRDA:6,1,0,0
BRDA:6,2,0,0
BRDA:6,3,0,0
BRDA:11,4,0,0
BRF:5
BRH:0
end_of_record
TN:
SF:src/routes/user.routes.ts
FNF:0
FNH:0
DA:1,0
DA:2,0
DA:3,0
DA:4,0
DA:6,0
DA:8,0
DA:9,0
DA:10,0
DA:12,0
LF:9
LH:0
BRF:0
BRH:0
end_of_record
TN:
SF:src/services/user.service.ts
FN:17,(anonymous_0)
FN:21,(anonymous_1)
FN:46,(anonymous_2)
FN:47,(anonymous_3)
FN:51,(anonymous_4)
FNF:5
FNH:5
FNDA:11,(anonymous_0)
FNDA:9,(anonymous_1)
FNDA:1,(anonymous_2)
FNDA:2,(anonymous_3)
FNDA:1,(anonymous_4)
DA:14,3
DA:18,11
DA:22,9
DA:23,9
DA:24,9
DA:25,9
DA:27,9
DA:28,9
DA:29,9
DA:30,9
DA:32,9
DA:33,9
DA:35,9
DA:47,2
DA:48,1
DA:52,1
LF:16
LH:16
BRDA:24,0,0,9
BRDA:24,0,1,5
BRDA:25,1,0,9
BRDA:25,1,1,4
BRDA:27,2,0,2
BRDA:28,3,0,1
BRDA:29,4,0,1
BRDA:30,5,0,2
BRDA:30,6,0,2
BRDA:30,6,1,0
BRF:10
BRH:9
end_of_record
TN:
SF:src/types/express.d.ts
FNF:0
FNH:0
LF:0
LH:0
BRF:0
BRH:0
end_of_record
TN:
SF:src/types/http-status.enum.ts
FN:1,(anonymous_0)
FNF:1
FNH:1
FNDA:2,(anonymous_0)
DA:1,2
DA:2,2
DA:3,2
DA:4,2
DA:5,2
DA:6,2
DA:7,2
DA:8,2
DA:9,2
DA:10,2
DA:11,2
DA:12,2
LF:12
LH:12
BRDA:1,0,0,2
BRDA:1,0,1,2
BRF:2
BRH:2
end_of_record
TN:
SF:src/utils/errors.ts
FN:7,(anonymous_0)
FN:16,(anonymous_1)
FN:22,(anonymous_2)
FN:28,(anonymous_3)
FN:34,(anonymous_4)
FN:42,(anonymous_5)
FN:49,(anonymous_6)
FNF:7
FNH:3
FNDA:5,(anonymous_0)
FNDA:5,(anonymous_1)
FNDA:0,(anonymous_2)
FNDA:0,(anonymous_3)
FNDA:0,(anonymous_4)
FNDA:3,(anonymous_5)
FNDA:0,(anonymous_6)
DA:1,2
DA:3,2
DA:8,5
DA:9,5
DA:10,5
DA:11,5
DA:15,2
DA:17,5
DA:21,2
DA:23,0
DA:27,2
DA:29,0
DA:33,2
DA:35,0
DA:39,2
DA:43,3
DA:44,3
DA:48,2
DA:50,0
LF:19
LH:15
BRDA:7,0,0,5
BRDA:16,1,0,0
BRDA:22,2,0,0
BRDA:28,3,0,0
BRDA:34,4,0,0
BRDA:42,5,0,3
BRDA:49,6,0,0
BRF:7
BRH:2
end_of_record
TN:
SF:src/utils/logger.ts
FN:14,(anonymous_1)
FN:38,(anonymous_2)
FNF:2
FNH:0
FNDA:0,(anonymous_1)
FNDA:0,(anonymous_2)
DA:1,0
DA:2,0
DA:5,0
DA:14,0
DA:15,0
DA:16,0
DA:20,0
DA:29,0
DA:32,0
DA:38,0
DA:42,0
DA:59,0
DA:66,0
LF:13
LH:0
BRDA:15,0,0,0
BRDA:15,0,1,0
BRDA:16,1,0,0
BRDA:16,1,1,0
BRF:4
BRH:0
end_of_record
TN:
SF:src/utils/seed.ts
FN:10,(anonymous_1)
FNF:1
FNH:0
FNDA:0,(anonymous_1)
DA:1,0
DA:2,0
DA:3,0
DA:4,0
DA:6,0
DA:8,0
DA:10,0
DA:11,0
DA:12,0
DA:13,0
DA:14,0
DA:15,0
DA:18,0
LF:13
LH:0
BRDA:8,0,0,0
BRDA:8,0,1,0
BRF:2
BRH:0
end_of_record
